[2024-08-21T12:54:02.435+0000] {manager.py:483} INFO - Processing files using up to 1 processes at a time 
[2024-08-21T12:54:02.435+0000] {manager.py:484} INFO - Process each file at most once every 30 seconds
[2024-08-21T12:54:02.436+0000] {manager.py:485} INFO - Checking for new files in /opt/airflow/dags every 300 seconds
[2024-08-21T12:54:02.437+0000] {manager.py:821} INFO - Searching for files in /opt/airflow/dags
[2024-08-21T12:54:02.438+0000] {manager.py:824} INFO - There are 0 files in /opt/airflow/dags
[2024-08-21T12:59:02.838+0000] {manager.py:821} INFO - Searching for files in /opt/airflow/dags
[2024-08-21T12:59:02.840+0000] {manager.py:824} INFO - There are 0 files in /opt/airflow/dags
[2024-08-21T13:04:02.915+0000] {manager.py:821} INFO - Searching for files in /opt/airflow/dags
[2024-08-21T13:04:02.929+0000] {manager.py:824} INFO - There are 1 files in /opt/airflow/dags
[2024-08-21T13:04:09.603+0000] {manager.py:997} INFO - 
================================================================================
DAG File Processing Stats

File Path                             PID    Runtime      # DAGs    # Errors  Last Runtime    Last Run               Last # of DB Queries
------------------------------------  -----  ---------  --------  ----------  --------------  -------------------  ----------------------
/opt/airflow/dags/job_scraper_dag.py                           0           1  0.21s           2024-08-21T13:04:03                       3
================================================================================
[2024-08-21T13:04:39.795+0000] {manager.py:997} INFO - 
================================================================================
DAG File Processing Stats

File Path                             PID    Runtime      # DAGs    # Errors  Last Runtime    Last Run               Last # of DB Queries
------------------------------------  -----  ---------  --------  ----------  --------------  -------------------  ----------------------
/opt/airflow/dags/job_scraper_dag.py                           0           1  0.21s           2024-08-21T13:04:33                       5
================================================================================
[2024-08-21T13:05:10.538+0000] {manager.py:997} INFO - 
================================================================================
DAG File Processing Stats

File Path                             PID    Runtime      # DAGs    # Errors  Last Runtime    Last Run               Last # of DB Queries
------------------------------------  -----  ---------  --------  ----------  --------------  -------------------  ----------------------
/opt/airflow/dags/job_scraper_dag.py                           0           1  0.21s           2024-08-21T13:05:05                       5
================================================================================
[2024-08-21T13:05:40.945+0000] {manager.py:997} INFO - 
================================================================================
DAG File Processing Stats

File Path                             PID    Runtime      # DAGs    # Errors  Last Runtime    Last Run               Last # of DB Queries
------------------------------------  -----  ---------  --------  ----------  --------------  -------------------  ----------------------
/opt/airflow/dags/job_scraper_dag.py                           0           1  0.21s           2024-08-21T13:05:35                       5
================================================================================
[2024-08-21T13:06:11.323+0000] {manager.py:997} INFO - 
================================================================================
DAG File Processing Stats

File Path                             PID    Runtime      # DAGs    # Errors  Last Runtime    Last Run               Last # of DB Queries
------------------------------------  -----  ---------  --------  ----------  --------------  -------------------  ----------------------
/opt/airflow/dags/job_scraper_dag.py                           0           1  0.21s           2024-08-21T13:06:06                       5
================================================================================
[2024-08-21T13:06:41.718+0000] {manager.py:997} INFO - 
================================================================================
DAG File Processing Stats

File Path                             PID    Runtime      # DAGs    # Errors  Last Runtime    Last Run               Last # of DB Queries
------------------------------------  -----  ---------  --------  ----------  --------------  -------------------  ----------------------
/opt/airflow/dags/job_scraper_dag.py                           0           1  0.21s           2024-08-21T13:06:23                       5
================================================================================
[2024-08-21T13:07:12.023+0000] {manager.py:997} INFO - 
================================================================================
DAG File Processing Stats

File Path                             PID    Runtime      # DAGs    # Errors  Last Runtime    Last Run               Last # of DB Queries
------------------------------------  -----  ---------  --------  ----------  --------------  -------------------  ----------------------
/opt/airflow/dags/job_scraper_dag.py                           0           1  0.21s           2024-08-21T13:06:54                       5
================================================================================
[2024-08-21T13:07:42.381+0000] {manager.py:997} INFO - 
================================================================================
DAG File Processing Stats

File Path                             PID    Runtime      # DAGs    # Errors  Last Runtime    Last Run               Last # of DB Queries
------------------------------------  -----  ---------  --------  ----------  --------------  -------------------  ----------------------
/opt/airflow/dags/job_scraper_dag.py                           0           1  0.21s           2024-08-21T13:07:24                       5
================================================================================
[2024-08-21T13:08:12.768+0000] {manager.py:997} INFO - 
================================================================================
DAG File Processing Stats

File Path                             PID    Runtime      # DAGs    # Errors  Last Runtime    Last Run               Last # of DB Queries
------------------------------------  -----  ---------  --------  ----------  --------------  -------------------  ----------------------
/opt/airflow/dags/job_scraper_dag.py                           0           1  0.21s           2024-08-21T13:07:54                       5
================================================================================
[2024-08-21T13:08:57.258+0000] {manager.py:483} INFO - Processing files using up to 1 processes at a time 
[2024-08-21T13:08:57.260+0000] {manager.py:484} INFO - Process each file at most once every 30 seconds
[2024-08-21T13:08:57.261+0000] {manager.py:485} INFO - Checking for new files in /opt/airflow/dags every 300 seconds
[2024-08-21T13:08:57.261+0000] {manager.py:821} INFO - Searching for files in /opt/airflow/dags
[2024-08-21T13:08:57.294+0000] {manager.py:824} INFO - There are 1 files in /opt/airflow/dags
[2024-08-21T13:08:57.626+0000] {manager.py:997} INFO - 
================================================================================
DAG File Processing Stats

File Path                             PID    Runtime      # DAGs    # Errors  Last Runtime    Last Run               Last # of DB Queries
------------------------------------  -----  ---------  --------  ----------  --------------  -------------------  ----------------------
/opt/airflow/dags/job_scraper_dag.py                           0           1  0.21s           2024-08-21T13:08:57                       5
================================================================================
[2024-08-21T13:09:28.158+0000] {manager.py:997} INFO - 
================================================================================
DAG File Processing Stats

File Path                             PID    Runtime      # DAGs    # Errors  Last Runtime    Last Run               Last # of DB Queries
------------------------------------  -----  ---------  --------  ----------  --------------  -------------------  ----------------------
/opt/airflow/dags/job_scraper_dag.py                           0           1  0.21s           2024-08-21T13:09:28                       5
================================================================================
[2024-08-21T13:09:59.285+0000] {manager.py:997} INFO - 
================================================================================
DAG File Processing Stats

File Path                             PID    Runtime      # DAGs    # Errors  Last Runtime    Last Run               Last # of DB Queries
------------------------------------  -----  ---------  --------  ----------  --------------  -------------------  ----------------------
/opt/airflow/dags/job_scraper_dag.py                           0           1  0.21s           2024-08-21T13:09:59                       5
================================================================================
[2024-08-21T13:10:29.694+0000] {manager.py:997} INFO - 
================================================================================
DAG File Processing Stats

File Path                             PID    Runtime      # DAGs    # Errors  Last Runtime    Last Run               Last # of DB Queries
------------------------------------  -----  ---------  --------  ----------  --------------  -------------------  ----------------------
/opt/airflow/dags/job_scraper_dag.py                           0           1  0.21s           2024-08-21T13:10:29                       5
================================================================================
[2024-08-21T13:11:00.093+0000] {manager.py:997} INFO - 
================================================================================
DAG File Processing Stats

File Path                             PID    Runtime      # DAGs    # Errors  Last Runtime    Last Run               Last # of DB Queries
------------------------------------  -----  ---------  --------  ----------  --------------  -------------------  ----------------------
/opt/airflow/dags/job_scraper_dag.py                           0           1  0.21s           2024-08-21T13:11:00                       5
================================================================================
[2024-08-21T13:11:30.408+0000] {manager.py:997} INFO - 
================================================================================
DAG File Processing Stats

File Path                             PID    Runtime      # DAGs    # Errors  Last Runtime    Last Run               Last # of DB Queries
------------------------------------  -----  ---------  --------  ----------  --------------  -------------------  ----------------------
/opt/airflow/dags/job_scraper_dag.py                           0           1  0.21s           2024-08-21T13:11:30                       5
================================================================================
[2024-08-21T13:12:00.793+0000] {manager.py:997} INFO - 
================================================================================
DAG File Processing Stats

File Path                             PID    Runtime      # DAGs    # Errors  Last Runtime    Last Run               Last # of DB Queries
------------------------------------  -----  ---------  --------  ----------  --------------  -------------------  ----------------------
/opt/airflow/dags/job_scraper_dag.py                           0           1  0.21s           2024-08-21T13:12:00                       5
================================================================================
[2024-08-21T13:12:31.164+0000] {manager.py:997} INFO - 
================================================================================
DAG File Processing Stats

File Path                             PID    Runtime      # DAGs    # Errors  Last Runtime    Last Run               Last # of DB Queries
------------------------------------  -----  ---------  --------  ----------  --------------  -------------------  ----------------------
/opt/airflow/dags/job_scraper_dag.py                           0           1  0.21s           2024-08-21T13:12:31                       5
================================================================================
[2024-08-21T13:13:01.600+0000] {manager.py:997} INFO - 
================================================================================
DAG File Processing Stats

File Path                             PID    Runtime      # DAGs    # Errors  Last Runtime    Last Run               Last # of DB Queries
------------------------------------  -----  ---------  --------  ----------  --------------  -------------------  ----------------------
/opt/airflow/dags/job_scraper_dag.py                           0           1  0.21s           2024-08-21T13:13:01                       5
================================================================================
[2024-08-21T13:13:32.179+0000] {manager.py:997} INFO - 
================================================================================
DAG File Processing Stats

File Path                             PID    Runtime      # DAGs    # Errors  Last Runtime    Last Run               Last # of DB Queries
------------------------------------  -----  ---------  --------  ----------  --------------  -------------------  ----------------------
/opt/airflow/dags/job_scraper_dag.py                           0           1  0.21s           2024-08-21T13:13:32                       5
================================================================================
[2024-08-21T13:13:57.647+0000] {manager.py:821} INFO - Searching for files in /opt/airflow/dags
[2024-08-21T13:13:57.682+0000] {manager.py:824} INFO - There are 1 files in /opt/airflow/dags
[2024-08-21T13:14:03.226+0000] {manager.py:997} INFO - 
================================================================================
DAG File Processing Stats

File Path                             PID    Runtime      # DAGs    # Errors  Last Runtime    Last Run               Last # of DB Queries
------------------------------------  -----  ---------  --------  ----------  --------------  -------------------  ----------------------
/opt/airflow/dags/job_scraper_dag.py                           0           1  0.21s           2024-08-21T13:14:03                       5
================================================================================
[2024-08-21T13:14:34.118+0000] {manager.py:997} INFO - 
================================================================================
DAG File Processing Stats

File Path                             PID    Runtime      # DAGs    # Errors  Last Runtime    Last Run               Last # of DB Queries
------------------------------------  -----  ---------  --------  ----------  --------------  -------------------  ----------------------
/opt/airflow/dags/job_scraper_dag.py                           0           1  0.21s           2024-08-21T13:14:34                       5
================================================================================
[2024-08-21T13:15:23.005+0000] {manager.py:483} INFO - Processing files using up to 1 processes at a time 
[2024-08-21T13:15:23.005+0000] {manager.py:484} INFO - Process each file at most once every 30 seconds
[2024-08-21T13:15:23.006+0000] {manager.py:485} INFO - Checking for new files in /opt/airflow/dags every 300 seconds
[2024-08-21T13:15:23.007+0000] {manager.py:821} INFO - Searching for files in /opt/airflow/dags
[2024-08-21T13:15:23.050+0000] {manager.py:824} INFO - There are 1 files in /opt/airflow/dags
[2024-08-21T13:15:23.389+0000] {manager.py:997} INFO - 
================================================================================
DAG File Processing Stats

File Path                             PID    Runtime      # DAGs    # Errors  Last Runtime    Last Run               Last # of DB Queries
------------------------------------  -----  ---------  --------  ----------  --------------  -------------------  ----------------------
/opt/airflow/dags/job_scraper_dag.py                           0           1  0.21s           2024-08-21T13:15:23                       5
================================================================================
[2024-08-21T13:15:53.708+0000] {manager.py:997} INFO - 
================================================================================
DAG File Processing Stats

File Path                             PID    Runtime      # DAGs    # Errors  Last Runtime    Last Run               Last # of DB Queries
------------------------------------  -----  ---------  --------  ----------  --------------  -------------------  ----------------------
/opt/airflow/dags/job_scraper_dag.py                           0           1  0.21s           2024-08-21T13:15:53                       5
================================================================================
[2024-08-21T13:16:24.929+0000] {manager.py:997} INFO - 
================================================================================
DAG File Processing Stats

File Path                             PID    Runtime      # DAGs    # Errors  Last Runtime    Last Run               Last # of DB Queries
------------------------------------  -----  ---------  --------  ----------  --------------  -------------------  ----------------------
/opt/airflow/dags/job_scraper_dag.py                           0           1  0.21s           2024-08-21T13:16:24                       5
================================================================================
[2024-08-21T13:16:55.251+0000] {manager.py:997} INFO - 
================================================================================
DAG File Processing Stats

File Path                             PID    Runtime      # DAGs    # Errors  Last Runtime    Last Run               Last # of DB Queries
------------------------------------  -----  ---------  --------  ----------  --------------  -------------------  ----------------------
/opt/airflow/dags/job_scraper_dag.py                           0           1  0.21s           2024-08-21T13:16:55                       5
================================================================================
[2024-08-21T13:17:25.637+0000] {manager.py:997} INFO - 
================================================================================
DAG File Processing Stats

File Path                             PID    Runtime      # DAGs    # Errors  Last Runtime    Last Run               Last # of DB Queries
------------------------------------  -----  ---------  --------  ----------  --------------  -------------------  ----------------------
/opt/airflow/dags/job_scraper_dag.py                           0           1  0.21s           2024-08-21T13:17:25                       5
================================================================================
